<?xml version="1.0" encoding="UTF-8"?>
<!-- Generated by org.testng.reporters.JUnitXMLReporter -->
<testsuite hostname="gulbahars-MacBook-Pro.local" ignored="0" name="Test" tests="7" failures="2" timestamp="2020-05-25T21:58:32 EDT" time="45.613" errors="0">
  <testcase name="addEmployeePage" time="11.567" classname="com.test.AddEmployeeTest"/>
  <testcase name="emptyUsernameLogin" time="0.205" classname="com.test.LoginTest"/>
  <testcase name="invalidPasswordLogin" time="1.104" classname="com.test.LoginTest"/>
  <testcase name="validAdminLogin" time="2.083" classname="com.test.LoginTest"/>
  <testcase name="logoAndWelcomeValidation" time="2.084" classname="com.class02.SoftAssertionDemo">
    <failure type="java.lang.AssertionError" message="The following asserts failed:
	Logo is not displayed expected [true] but found [false]">
      <![CDATA[java.lang.AssertionError: The following asserts failed:
Logo is not displayed expected [true] but found [false]
at com.class02.SoftAssertionDemo.logoAndWelcomeValidation(SoftAssertionDemo.java:59)
at java.util.ArrayList.forEach(ArrayList.java:1257)
... Removed 29 stack frames]]>
    </failure>
  </testcase> <!-- logoAndWelcomeValidation -->
  <testcase name="titleValidation" time="0.005" classname="com.class02.AssertionDemo"/>
  <testcase name="logoValidation" time="0.029" classname="com.class02.AssertionDemo">
    <failure type="java.lang.AssertionError" message="expected [Logo is NOT displayed] but found [true]">
      <![CDATA[java.lang.AssertionError: expected [Logo is NOT displayed] but found [true]
at com.class02.AssertionDemo.logoValidation(AssertionDemo.java:50)
at java.util.ArrayList.forEach(ArrayList.java:1257)
... Removed 31 stack frames]]>
    </failure>
  </testcase> <!-- logoValidation -->
</testsuite> <!-- Test -->
